nohup: ignoring input

==================================================
Processing and Predicting for: Borrow -> Deposit
==================================================
Training model for feature selection...
40 features selected successfully.
Training model with the selected features...
Training XGBoost survival:cox model for Borrow/Deposit...
  - Model trained successfully.
Generating predictions for Borrow/Deposit...
  -> Predictions saved to xgb_with_40_feature/Borrow_Deposit.csv

==================================================
Processing and Predicting for: Borrow -> Repay
==================================================
Training model for feature selection...
40 features selected successfully.
Training model with the selected features...
Training XGBoost survival:cox model for Borrow/Repay...
  - Model trained successfully.
Generating predictions for Borrow/Repay...
  -> Predictions saved to xgb_with_40_feature/Borrow_Repay.csv

==================================================
Processing and Predicting for: Borrow -> Withdraw
==================================================
Training model for feature selection...
40 features selected successfully.
Training model with the selected features...
Training XGBoost survival:cox model for Borrow/Withdraw...
  - Model trained successfully.
Generating predictions for Borrow/Withdraw...
  -> Predictions saved to xgb_with_40_feature/Borrow_Withdraw.csv

==================================================
Processing and Predicting for: Borrow -> Liquidated
==================================================
Training model for feature selection...
40 features selected successfully.
Training model with the selected features...
Training XGBoost survival:cox model for Borrow/Liquidated...
  - Model trained successfully.
Generating predictions for Borrow/Liquidated...
  -> Predictions saved to xgb_with_40_feature/Borrow_Liquidated.csv

==================================================
Processing and Predicting for: Deposit -> Borrow
==================================================
Training model for feature selection...
40 features selected successfully.
Training model with the selected features...
Training XGBoost survival:cox model for Deposit/Borrow...
  - Model trained successfully.
Generating predictions for Deposit/Borrow...
  -> Predictions saved to xgb_with_40_feature/Deposit_Borrow.csv

==================================================
Processing and Predicting for: Deposit -> Repay
==================================================
Training model for feature selection...
40 features selected successfully.
Training model with the selected features...
Training XGBoost survival:cox model for Deposit/Repay...
  - Model trained successfully.
Generating predictions for Deposit/Repay...
  -> Predictions saved to xgb_with_40_feature/Deposit_Repay.csv

==================================================
Processing and Predicting for: Deposit -> Withdraw
==================================================
Training model for feature selection...
40 features selected successfully.
Training model with the selected features...
Training XGBoost survival:cox model for Deposit/Withdraw...
  - Model trained successfully.
Generating predictions for Deposit/Withdraw...
  -> Predictions saved to xgb_with_40_feature/Deposit_Withdraw.csv

==================================================
Processing and Predicting for: Deposit -> Liquidated
==================================================
Training model for feature selection...
40 features selected successfully.
Training model with the selected features...
Training XGBoost survival:cox model for Deposit/Liquidated...
  - Model trained successfully.
Generating predictions for Deposit/Liquidated...
  -> Predictions saved to xgb_with_40_feature/Deposit_Liquidated.csv

==================================================
Processing and Predicting for: Repay -> Borrow
==================================================
Training model for feature selection...
40 features selected successfully.
Training model with the selected features...
Training XGBoost survival:cox model for Repay/Borrow...
  - Model trained successfully.
Generating predictions for Repay/Borrow...
  -> Predictions saved to xgb_with_40_feature/Repay_Borrow.csv

==================================================
Processing and Predicting for: Repay -> Deposit
==================================================
Training model for feature selection...
40 features selected successfully.
Training model with the selected features...
Training XGBoost survival:cox model for Repay/Deposit...
  - Model trained successfully.
Generating predictions for Repay/Deposit...
  -> Predictions saved to xgb_with_40_feature/Repay_Deposit.csv

==================================================
Processing and Predicting for: Repay -> Withdraw
==================================================
Training model for feature selection...
40 features selected successfully.
Training model with the selected features...
Training XGBoost survival:cox model for Repay/Withdraw...
  - Model trained successfully.
Generating predictions for Repay/Withdraw...
  -> Predictions saved to xgb_with_40_feature/Repay_Withdraw.csv

==================================================
Processing and Predicting for: Repay -> Liquidated
==================================================
Training model for feature selection...
40 features selected successfully.
Training model with the selected features...
Training XGBoost survival:cox model for Repay/Liquidated...
  - Model trained successfully.
Generating predictions for Repay/Liquidated...
  -> Predictions saved to xgb_with_40_feature/Repay_Liquidated.csv

==================================================
Processing and Predicting for: Withdraw -> Borrow
==================================================
Training model for feature selection...
40 features selected successfully.
Training model with the selected features...
Training XGBoost survival:cox model for Withdraw/Borrow...
  - Model trained successfully.
Generating predictions for Withdraw/Borrow...
  -> Predictions saved to xgb_with_40_feature/Withdraw_Borrow.csv

==================================================
Processing and Predicting for: Withdraw -> Deposit
==================================================
Training model for feature selection...
40 features selected successfully.
Training model with the selected features...
Training XGBoost survival:cox model for Withdraw/Deposit...
  - Model trained successfully.
Generating predictions for Withdraw/Deposit...
  -> Predictions saved to xgb_with_40_feature/Withdraw_Deposit.csv

==================================================
Processing and Predicting for: Withdraw -> Repay
==================================================
Training model for feature selection...
40 features selected successfully.
Training model with the selected features...
Training XGBoost survival:cox model for Withdraw/Repay...
  - Model trained successfully.
Generating predictions for Withdraw/Repay...
  -> Predictions saved to xgb_with_40_feature/Withdraw_Repay.csv

==================================================
Processing and Predicting for: Withdraw -> Liquidated
==================================================
Training model for feature selection...
40 features selected successfully.
Training model with the selected features...
Training XGBoost survival:cox model for Withdraw/Liquidated...
  - Model trained successfully.
Generating predictions for Withdraw/Liquidated...
  -> Predictions saved to xgb_with_40_feature/Withdraw_Liquidated.csv


All prediction files have been generated.
Successfully created 'xgb_with_40_feature.zip' from the 'xgb_with_40_feature' directory.
You can now upload this file to the CodaBench competition.
