nohup: ignoring input
[LightGBM] [Fatal] Unknown objective type name: cox
[LightGBM] [Fatal] Unknown objective type name: cox
[LightGBM] [Fatal] Unknown objective type name: cox
[LightGBM] [Fatal] Unknown objective type name: cox
[LightGBM] [Fatal] Unknown objective type name: cox
[LightGBM] [Fatal] Unknown objective type name: cox
[LightGBM] [Fatal] Unknown objective type name: cox
[LightGBM] [Fatal] Unknown objective type name: cox
[LightGBM] [Fatal] Unknown objective type name: cox
[LightGBM] [Fatal] Unknown objective type name: cox
[LightGBM] [Fatal] Unknown objective type name: cox
[LightGBM] [Fatal] Unknown objective type name: cox
[LightGBM] [Fatal] Unknown objective type name: cox
[LightGBM] [Fatal] Unknown objective type name: cox
[LightGBM] [Fatal] Unknown objective type name: cox
[LightGBM] [Fatal] Unknown objective type name: cox

==================================================
Processing and Predicting for: Borrow -> Deposit
==================================================
Training model...

ERROR: The model for Borrow/Deposit failed to train.
Details: Unknown objective type name: cox

==================================================
Processing and Predicting for: Borrow -> Repay
==================================================
Training model...

ERROR: The model for Borrow/Repay failed to train.
Details: Unknown objective type name: cox

==================================================
Processing and Predicting for: Borrow -> Withdraw
==================================================
Training model...

ERROR: The model for Borrow/Withdraw failed to train.
Details: Unknown objective type name: cox

==================================================
Processing and Predicting for: Borrow -> Liquidated
==================================================
Training model...

ERROR: The model for Borrow/Liquidated failed to train.
Details: Unknown objective type name: cox

==================================================
Processing and Predicting for: Deposit -> Borrow
==================================================
Training model...

ERROR: The model for Deposit/Borrow failed to train.
Details: Unknown objective type name: cox

==================================================
Processing and Predicting for: Deposit -> Repay
==================================================
Training model...

ERROR: The model for Deposit/Repay failed to train.
Details: Unknown objective type name: cox

==================================================
Processing and Predicting for: Deposit -> Withdraw
==================================================
Training model...

ERROR: The model for Deposit/Withdraw failed to train.
Details: Unknown objective type name: cox

==================================================
Processing and Predicting for: Deposit -> Liquidated
==================================================
Training model...

ERROR: The model for Deposit/Liquidated failed to train.
Details: Unknown objective type name: cox

==================================================
Processing and Predicting for: Repay -> Borrow
==================================================
Training model...

ERROR: The model for Repay/Borrow failed to train.
Details: Unknown objective type name: cox

==================================================
Processing and Predicting for: Repay -> Deposit
==================================================
Training model...

ERROR: The model for Repay/Deposit failed to train.
Details: Unknown objective type name: cox

==================================================
Processing and Predicting for: Repay -> Withdraw
==================================================
Training model...

ERROR: The model for Repay/Withdraw failed to train.
Details: Unknown objective type name: cox

==================================================
Processing and Predicting for: Repay -> Liquidated
==================================================
Training model...

ERROR: The model for Repay/Liquidated failed to train.
Details: Unknown objective type name: cox

==================================================
Processing and Predicting for: Withdraw -> Borrow
==================================================
Training model...

ERROR: The model for Withdraw/Borrow failed to train.
Details: Unknown objective type name: cox

==================================================
Processing and Predicting for: Withdraw -> Deposit
==================================================
Training model...

ERROR: The model for Withdraw/Deposit failed to train.
Details: Unknown objective type name: cox

==================================================
Processing and Predicting for: Withdraw -> Repay
==================================================
Training model...

ERROR: The model for Withdraw/Repay failed to train.
Details: Unknown objective type name: cox

==================================================
Processing and Predicting for: Withdraw -> Liquidated
==================================================
Training model...

ERROR: The model for Withdraw/Liquidated failed to train.
Details: Unknown objective type name: cox


All prediction files have been generated.
Successfully created '0.1_500_boost_lgbm.zip' from the '0.1_500_boost_lgbm' directory.
You can now upload this file to the CodaBench competition.
