nohup: ignoring input

==================================================
Processing and Predicting for: Borrow -> Deposit
==================================================
Training model...
Model trained successfully.
Generating predictions for Borrow/Deposit...
  -> Predictions saved to 100_boost_lgb_without_fs/Borrow_Deposit.csv

==================================================
Processing and Predicting for: Borrow -> Repay
==================================================
Training model...
Model trained successfully.
Generating predictions for Borrow/Repay...
  -> Predictions saved to 100_boost_lgb_without_fs/Borrow_Repay.csv

==================================================
Processing and Predicting for: Borrow -> Withdraw
==================================================
Training model...
Model trained successfully.
Generating predictions for Borrow/Withdraw...
  -> Predictions saved to 100_boost_lgb_without_fs/Borrow_Withdraw.csv

==================================================
Processing and Predicting for: Borrow -> Liquidated
==================================================
Training model...
Model trained successfully.
Generating predictions for Borrow/Liquidated...
  -> Predictions saved to 100_boost_lgb_without_fs/Borrow_Liquidated.csv

==================================================
Processing and Predicting for: Deposit -> Borrow
==================================================
Training model...
Model trained successfully.
Generating predictions for Deposit/Borrow...
  -> Predictions saved to 100_boost_lgb_without_fs/Deposit_Borrow.csv

==================================================
Processing and Predicting for: Deposit -> Repay
==================================================
Training model...
Model trained successfully.
Generating predictions for Deposit/Repay...
  -> Predictions saved to 100_boost_lgb_without_fs/Deposit_Repay.csv

==================================================
Processing and Predicting for: Deposit -> Withdraw
==================================================
Training model...
Model trained successfully.
Generating predictions for Deposit/Withdraw...
  -> Predictions saved to 100_boost_lgb_without_fs/Deposit_Withdraw.csv

==================================================
Processing and Predicting for: Deposit -> Liquidated
==================================================
Training model...
Model trained successfully.
Generating predictions for Deposit/Liquidated...
  -> Predictions saved to 100_boost_lgb_without_fs/Deposit_Liquidated.csv

==================================================
Processing and Predicting for: Repay -> Borrow
==================================================
Training model...
Model trained successfully.
Generating predictions for Repay/Borrow...
  -> Predictions saved to 100_boost_lgb_without_fs/Repay_Borrow.csv

==================================================
Processing and Predicting for: Repay -> Deposit
==================================================
Training model...
Model trained successfully.
Generating predictions for Repay/Deposit...
  -> Predictions saved to 100_boost_lgb_without_fs/Repay_Deposit.csv

==================================================
Processing and Predicting for: Repay -> Withdraw
==================================================
Training model...
Model trained successfully.
Generating predictions for Repay/Withdraw...
  -> Predictions saved to 100_boost_lgb_without_fs/Repay_Withdraw.csv

==================================================
Processing and Predicting for: Repay -> Liquidated
==================================================
Training model...
Model trained successfully.
Generating predictions for Repay/Liquidated...
  -> Predictions saved to 100_boost_lgb_without_fs/Repay_Liquidated.csv

==================================================
Processing and Predicting for: Withdraw -> Borrow
==================================================
Training model...
Model trained successfully.
Generating predictions for Withdraw/Borrow...
  -> Predictions saved to 100_boost_lgb_without_fs/Withdraw_Borrow.csv

==================================================
Processing and Predicting for: Withdraw -> Deposit
==================================================
Training model...
Model trained successfully.
Generating predictions for Withdraw/Deposit...
  -> Predictions saved to 100_boost_lgb_without_fs/Withdraw_Deposit.csv

==================================================
Processing and Predicting for: Withdraw -> Repay
==================================================
Training model...
Model trained successfully.
Generating predictions for Withdraw/Repay...
  -> Predictions saved to 100_boost_lgb_without_fs/Withdraw_Repay.csv

==================================================
Processing and Predicting for: Withdraw -> Liquidated
==================================================
Training model...
Model trained successfully.
Generating predictions for Withdraw/Liquidated...
  -> Predictions saved to 100_boost_lgb_without_fs/Withdraw_Liquidated.csv


All prediction files have been generated.
Successfully created '100_boost_lgb_without_fs.zip' from the '100_boost_lgb_without_fs' directory.
You can now upload this file to the CodaBench competition.
