nohup: ignoring input
INFO:root:==================================================
INFO:root:Processing and Predicting for: Borrow -> Deposit
INFO:root:==================================================
INFO:root:Training model on initial training data...
INFO:root:Selecting relevant features...
INFO:root:67 columns selected for Borrow/Deposit
INFO:root:['amount', 'amountUSD', 'cosDayOfMonth', 'cosDayOfYear', 'dayOfMonth', 'dayOfYear', 'logAmount', 'logAmountUSD', 'marketBorrowAvgAmount', 'marketBorrowAvgAmountUSD', 'marketBorrowCount', 'marketBorrowSum', 'marketBorrowSumUSD', 'marketDepositAvgAmount', 'marketDepositAvgAmountUSD', 'marketDepositCount', 'marketDepositSum', 'marketDepositSumUSD', 'marketLiquidationAvgAmount', 'marketLiquidationAvgAmountUSD', 'marketLiquidationCount', 'marketLiquidationSum', 'marketLiquidationSumUSD', 'marketRepayAvgAmountUSD', 'marketRepayCount', 'marketRepaySum', 'marketRepaySumUSD', 'marketWithdrawAvgAmount', 'marketWithdrawAvgAmountUSD', 'marketWithdrawCount', 'marketWithdrawSum', 'marketWithdrawSumUSD', 'priceInUSD', 'quarter', 'sinDayOfQuarter', 'sinDayOfYear', 'sinQuarter', 'sinTimeOfDay', 'timeOfDay', 'userActiveDaysMonthly', 'userActiveDaysWeekly', 'userActiveDaysYearly', 'userBorrowAvgAmount', 'userBorrowAvgAmountUSD', 'userBorrowCount', 'userBorrowSum', 'userBorrowSumUSD', 'userDepositCount', 'userDepositSum', 'userDepositSumUSD', 'userLiquidationAvgAmount', 'userLiquidationAvgAmountUSD', 'userLiquidationCount', 'userLiquidationSum', 'userLiquidationSumUSD', 'userRepayAvgAmount', 'userRepayAvgAmountUSD', 'userRepayCount', 'userRepaySum', 'userRepaySumUSD', 'userSecondsSinceFirstTransaction', 'userSecondsSincePreviousTransaction', 'userWithdrawAvgAmount', 'userWithdrawAvgAmountUSD', 'userWithdrawCount', 'timeDiff', 'status']
INFO:root:==================================================


INFO:root:==================================================
INFO:root:Processing and Predicting for: Borrow -> Repay
INFO:root:==================================================
INFO:root:Training model on initial training data...
INFO:root:Selecting relevant features...
INFO:root:64 columns selected for Borrow/Repay
INFO:root:['amount', 'amountUSD', 'cosDayOfQuarter', 'cosDayOfYear', 'cosQuarter', 'dayOfQuarter', 'dayOfYear', 'logAmount', 'logAmountUSD', 'marketBorrowAvgAmount', 'marketBorrowAvgAmountUSD', 'marketBorrowCount', 'marketBorrowSum', 'marketBorrowSumUSD', 'marketDepositAvgAmount', 'marketDepositAvgAmountUSD', 'marketDepositCount', 'marketLiquidationAvgAmount', 'marketLiquidationAvgAmountUSD', 'marketLiquidationCount', 'marketLiquidationSum', 'marketLiquidationSumUSD', 'marketRepayAvgAmountUSD', 'marketRepayCount', 'marketRepaySum', 'marketRepaySumUSD', 'marketWithdrawAvgAmount', 'marketWithdrawAvgAmountUSD', 'priceInUSD', 'quarter', 'sinDayOfYear', 'sinQuarter', 'sinTimeOfDay', 'timeOfDay', 'userActiveDaysMonthly', 'userActiveDaysWeekly', 'userActiveDaysYearly', 'userBorrowAvgAmount', 'userBorrowAvgAmountUSD', 'userBorrowCount', 'userBorrowSum', 'userBorrowSumUSD', 'userDepositAvgAmount', 'userDepositAvgAmountUSD', 'userDepositCount', 'userDepositSum', 'userLiquidationAvgAmountUSD', 'userLiquidationCount', 'userLiquidationSum', 'userLiquidationSumUSD', 'userRepayAvgAmount', 'userRepayAvgAmountUSD', 'userRepayCount', 'userRepaySum', 'userRepaySumUSD', 'userSecondsSinceFirstTransaction', 'userSecondsSincePreviousTransaction', 'userWithdrawAvgAmount', 'userWithdrawAvgAmountUSD', 'userWithdrawCount', 'userWithdrawSum', 'userWithdrawSumUSD', 'timeDiff', 'status']
INFO:root:==================================================


INFO:root:==================================================
INFO:root:Processing and Predicting for: Borrow -> Withdraw
INFO:root:==================================================
INFO:root:Training model on initial training data...
INFO:root:Selecting relevant features...
INFO:root:64 columns selected for Borrow/Withdraw
INFO:root:['amount', 'amountUSD', 'cosDayOfQuarter', 'cosDayOfYear', 'cosQuarter', 'dayOfYear', 'logAmount', 'logAmountUSD', 'marketBorrowAvgAmountUSD', 'marketBorrowCount', 'marketBorrowSumUSD', 'marketDepositAvgAmount', 'marketDepositAvgAmountUSD', 'marketDepositCount', 'marketDepositSum', 'marketDepositSumUSD', 'marketLiquidationAvgAmount', 'marketLiquidationAvgAmountUSD', 'marketLiquidationCount', 'marketLiquidationSum', 'marketLiquidationSumUSD', 'marketRepayAvgAmount', 'marketRepayCount', 'marketRepaySumUSD', 'marketWithdrawAvgAmountUSD', 'marketWithdrawCount', 'marketWithdrawSum', 'marketWithdrawSumUSD', 'priceInUSD', 'quarter', 'sinDayOfQuarter', 'sinDayOfYear', 'sinTimeOfDay', 'timeOfDay', 'userActiveDaysMonthly', 'userActiveDaysWeekly', 'userActiveDaysYearly', 'userBorrowAvgAmount', 'userBorrowAvgAmountUSD', 'userBorrowCount', 'userBorrowSum', 'userBorrowSumUSD', 'userDepositAvgAmount', 'userDepositAvgAmountUSD', 'userDepositCount', 'userDepositSum', 'userDepositSumUSD', 'userLiquidationAvgAmount', 'userLiquidationCount', 'userLiquidationSum', 'userLiquidationSumUSD', 'userRepayAvgAmount', 'userRepayCount', 'userRepaySum', 'userRepaySumUSD', 'userSecondsSinceFirstTransaction', 'userSecondsSincePreviousTransaction', 'userWithdrawAvgAmount', 'userWithdrawAvgAmountUSD', 'userWithdrawCount', 'userWithdrawSum', 'userWithdrawSumUSD', 'timeDiff', 'status']
INFO:root:==================================================


INFO:root:==================================================
INFO:root:Processing and Predicting for: Borrow -> Liquidated
INFO:root:==================================================
INFO:root:Training model on initial training data...
INFO:root:Selecting relevant features...
INFO:root:40 columns selected for Borrow/Liquidated
INFO:root:['amount', 'amountUSD', 'dayOfYear', 'logAmountUSD', 'marketBorrowCount', 'marketDepositAvgAmount', 'marketDepositAvgAmountUSD', 'marketDepositCount', 'marketDepositSumUSD', 'marketWithdrawSumUSD', 'priceInUSD', 'quarter', 'sinDayOfMonth', 'sinDayOfYear', 'sinQuarter', 'userActiveDaysMonthly', 'userActiveDaysWeekly', 'userActiveDaysYearly', 'userBorrowAvgAmount', 'userBorrowAvgAmountUSD', 'userBorrowCount', 'userBorrowSum', 'userBorrowSumUSD', 'userDepositAvgAmount', 'userDepositAvgAmountUSD', 'userDepositCount', 'userLiquidationAvgAmount', 'userLiquidationAvgAmountUSD', 'userLiquidationCount', 'userLiquidationSum', 'userRepayAvgAmount', 'userRepayAvgAmountUSD', 'userRepayCount', 'userRepaySum', 'userRepaySumUSD', 'userSecondsSinceFirstTransaction', 'userWithdrawAvgAmount', 'userWithdrawAvgAmountUSD', 'timeDiff', 'status']
INFO:root:==================================================


INFO:root:==================================================
INFO:root:Processing and Predicting for: Deposit -> Borrow
INFO:root:==================================================
INFO:root:Training model on initial training data...
INFO:root:Selecting relevant features...
INFO:root:72 columns selected for Deposit/Borrow
INFO:root:['amount', 'amountUSD', 'cosDayOfMonth', 'cosDayOfQuarter', 'cosDayOfWeek', 'cosDayOfYear', 'cosQuarter', 'dayOfWeek', 'dayOfYear', 'logAmount', 'logAmountUSD', 'marketBorrowAvgAmount', 'marketBorrowAvgAmountUSD', 'marketBorrowCount', 'marketBorrowSum', 'marketBorrowSumUSD', 'marketDepositAvgAmount', 'marketDepositAvgAmountUSD', 'marketDepositCount', 'marketDepositSum', 'marketDepositSumUSD', 'marketLiquidationAvgAmount', 'marketLiquidationAvgAmountUSD', 'marketLiquidationCount', 'marketLiquidationSum', 'marketLiquidationSumUSD', 'marketRepayAvgAmount', 'marketRepayAvgAmountUSD', 'marketRepayCount', 'marketRepaySum', 'marketRepaySumUSD', 'marketWithdrawAvgAmount', 'marketWithdrawAvgAmountUSD', 'marketWithdrawCount', 'marketWithdrawSum', 'marketWithdrawSumUSD', 'quarter', 'sinDayOfQuarter', 'sinQuarter', 'sinTimeOfDay', 'timeOfDay', 'userActiveDaysMonthly', 'userActiveDaysWeekly', 'userActiveDaysYearly', 'userBorrowAvgAmount', 'userBorrowAvgAmountUSD', 'userBorrowCount', 'userBorrowSum', 'userDepositAvgAmount', 'userDepositAvgAmountUSD', 'userDepositCount', 'userDepositSum', 'userDepositSumUSD', 'userLiquidationAvgAmount', 'userLiquidationAvgAmountUSD', 'userLiquidationCount', 'userLiquidationSum', 'userLiquidationSumUSD', 'userRepayAvgAmount', 'userRepayAvgAmountUSD', 'userRepayCount', 'userRepaySum', 'userRepaySumUSD', 'userSecondsSinceFirstTransaction', 'userSecondsSincePreviousTransaction', 'userWithdrawAvgAmount', 'userWithdrawAvgAmountUSD', 'userWithdrawCount', 'userWithdrawSum', 'userWithdrawSumUSD', 'timeDiff', 'status']
INFO:root:==================================================


INFO:root:==================================================
INFO:root:Processing and Predicting for: Deposit -> Repay
INFO:root:==================================================
INFO:root:Training model on initial training data...
INFO:root:Selecting relevant features...
INFO:root:69 columns selected for Deposit/Repay
INFO:root:['amount', 'amountUSD', 'cosDayOfMonth', 'cosDayOfQuarter', 'cosDayOfWeek', 'cosDayOfYear', 'cosQuarter', 'dayOfWeek', 'dayOfYear', 'logAmount', 'logAmountUSD', 'marketBorrowAvgAmount', 'marketBorrowAvgAmountUSD', 'marketBorrowCount', 'marketDepositAvgAmount', 'marketDepositAvgAmountUSD', 'marketDepositCount', 'marketDepositSum', 'marketDepositSumUSD', 'marketLiquidationAvgAmount', 'marketLiquidationAvgAmountUSD', 'marketLiquidationCount', 'marketLiquidationSum', 'marketLiquidationSumUSD', 'marketRepayAvgAmount', 'marketRepayAvgAmountUSD', 'marketRepayCount', 'marketWithdrawAvgAmount', 'marketWithdrawAvgAmountUSD', 'marketWithdrawCount', 'marketWithdrawSum', 'marketWithdrawSumUSD', 'priceInUSD', 'quarter', 'sinDayOfMonth', 'sinDayOfQuarter', 'sinDayOfYear', 'sinTimeOfDay', 'timeOfDay', 'userActiveDaysMonthly', 'userActiveDaysWeekly', 'userActiveDaysYearly', 'userBorrowAvgAmount', 'userBorrowCount', 'userBorrowSum', 'userDepositAvgAmount', 'userDepositAvgAmountUSD', 'userDepositCount', 'userDepositSum', 'userDepositSumUSD', 'userLiquidationAvgAmount', 'userLiquidationAvgAmountUSD', 'userLiquidationCount', 'userLiquidationSum', 'userLiquidationSumUSD', 'userRepayAvgAmount', 'userRepayAvgAmountUSD', 'userRepayCount', 'userRepaySum', 'userRepaySumUSD', 'userSecondsSinceFirstTransaction', 'userSecondsSincePreviousTransaction', 'userWithdrawAvgAmount', 'userWithdrawAvgAmountUSD', 'userWithdrawCount', 'userWithdrawSum', 'userWithdrawSumUSD', 'timeDiff', 'status']
INFO:root:==================================================


INFO:root:==================================================
INFO:root:Processing and Predicting for: Deposit -> Withdraw
INFO:root:==================================================
INFO:root:Training model on initial training data...
INFO:root:Selecting relevant features...
INFO:root:65 columns selected for Deposit/Withdraw
INFO:root:['cosDayOfMonth', 'cosDayOfQuarter', 'cosDayOfWeek', 'cosDayOfYear', 'cosQuarter', 'cosTimeOfDay', 'dayOfQuarter', 'dayOfWeek', 'dayOfYear', 'logAmount', 'logAmountUSD', 'marketBorrowAvgAmount', 'marketBorrowAvgAmountUSD', 'marketBorrowCount', 'marketBorrowSum', 'marketBorrowSumUSD', 'marketDepositAvgAmount', 'marketDepositAvgAmountUSD', 'marketDepositCount', 'marketDepositSumUSD', 'marketLiquidationAvgAmount', 'marketLiquidationAvgAmountUSD', 'marketLiquidationCount', 'marketLiquidationSum', 'marketLiquidationSumUSD', 'marketRepayAvgAmount', 'marketRepayAvgAmountUSD', 'marketRepayCount', 'marketRepaySum', 'marketRepaySumUSD', 'marketWithdrawAvgAmount', 'marketWithdrawAvgAmountUSD', 'marketWithdrawCount', 'marketWithdrawSumUSD', 'quarter', 'sinDayOfQuarter', 'sinDayOfYear', 'sinQuarter', 'userActiveDaysMonthly', 'userActiveDaysWeekly', 'userActiveDaysYearly', 'userBorrowAvgAmount', 'userBorrowAvgAmountUSD', 'userBorrowCount', 'userBorrowSum', 'userBorrowSumUSD', 'userDepositAvgAmount', 'userDepositCount', 'userDepositSum', 'userDepositSumUSD', 'userLiquidationAvgAmount', 'userLiquidationSumUSD', 'userRepayAvgAmount', 'userRepayAvgAmountUSD', 'userRepayCount', 'userRepaySum', 'userRepaySumUSD', 'userSecondsSinceFirstTransaction', 'userSecondsSincePreviousTransaction', 'userWithdrawAvgAmountUSD', 'userWithdrawCount', 'userWithdrawSum', 'userWithdrawSumUSD', 'timeDiff', 'status']
INFO:root:==================================================


INFO:root:==================================================
INFO:root:Processing and Predicting for: Deposit -> Liquidated
INFO:root:==================================================
INFO:root:Training model on initial training data...
INFO:root:Selecting relevant features...
INFO:root:56 columns selected for Deposit/Liquidated
INFO:root:['cosDayOfMonth', 'cosDayOfQuarter', 'cosDayOfWeek', 'cosDayOfYear', 'cosQuarter', 'cosTimeOfDay', 'dayOfQuarter', 'dayOfWeek', 'dayOfYear', 'logAmountUSD', 'marketBorrowAvgAmount', 'marketBorrowAvgAmountUSD', 'marketBorrowCount', 'marketDepositAvgAmount', 'marketDepositAvgAmountUSD', 'marketDepositCount', 'marketDepositSumUSD', 'marketLiquidationAvgAmount', 'marketLiquidationAvgAmountUSD', 'marketLiquidationCount', 'marketWithdrawAvgAmountUSD', 'marketWithdrawCount', 'priceInUSD', 'quarter', 'sinDayOfMonth', 'sinDayOfQuarter', 'sinDayOfWeek', 'sinDayOfYear', 'sinQuarter', 'sinTimeOfDay', 'timeOfDay', 'userActiveDaysMonthly', 'userActiveDaysWeekly', 'userActiveDaysYearly', 'userBorrowCount', 'userBorrowSum', 'userBorrowSumUSD', 'userDepositCount', 'userDepositSum', 'userDepositSumUSD', 'userLiquidationAvgAmount', 'userLiquidationAvgAmountUSD', 'userLiquidationCount', 'userLiquidationSum', 'userLiquidationSumUSD', 'userRepayAvgAmount', 'userRepayAvgAmountUSD', 'userRepaySum', 'userRepaySumUSD', 'userSecondsSinceFirstTransaction', 'userSecondsSincePreviousTransaction', 'userWithdrawCount', 'userWithdrawSum', 'userWithdrawSumUSD', 'timeDiff', 'status']
INFO:root:==================================================


INFO:root:==================================================
INFO:root:Processing and Predicting for: Repay -> Borrow
INFO:root:==================================================
INFO:root:Training model on initial training data...
INFO:root:Selecting relevant features...
INFO:root:60 columns selected for Repay/Borrow
INFO:root:['cosDayOfMonth', 'cosDayOfQuarter', 'cosDayOfWeek', 'cosDayOfYear', 'cosQuarter', 'cosTimeOfDay', 'dayOfQuarter', 'dayOfWeek', 'logAmount', 'logAmountUSD', 'marketBorrowAvgAmount', 'marketBorrowAvgAmountUSD', 'marketBorrowCount', 'marketDepositAvgAmount', 'marketDepositAvgAmountUSD', 'marketDepositCount', 'marketDepositSumUSD', 'marketLiquidationAvgAmount', 'marketLiquidationAvgAmountUSD', 'marketLiquidationCount', 'marketLiquidationSum', 'marketLiquidationSumUSD', 'marketRepayCount', 'marketWithdrawAvgAmount', 'marketWithdrawAvgAmountUSD', 'marketWithdrawSumUSD', 'priceInUSD', 'quarter', 'sinDayOfMonth', 'sinDayOfQuarter', 'sinQuarter', 'sinTimeOfDay', 'timeOfDay', 'userActiveDaysMonthly', 'userActiveDaysWeekly', 'userActiveDaysYearly', 'userBorrowAvgAmount', 'userBorrowAvgAmountUSD', 'userBorrowCount', 'userBorrowSum', 'userBorrowSumUSD', 'userDepositAvgAmount', 'userDepositAvgAmountUSD', 'userDepositCount', 'userLiquidationAvgAmountUSD', 'userLiquidationSum', 'userLiquidationSumUSD', 'userRepayAvgAmountUSD', 'userRepayCount', 'userRepaySum', 'userRepaySumUSD', 'userSecondsSinceFirstTransaction', 'userSecondsSincePreviousTransaction', 'userWithdrawAvgAmount', 'userWithdrawAvgAmountUSD', 'userWithdrawCount', 'userWithdrawSum', 'userWithdrawSumUSD', 'timeDiff', 'status']
INFO:root:==================================================


INFO:root:==================================================
INFO:root:Processing and Predicting for: Repay -> Deposit
INFO:root:==================================================
INFO:root:Training model on initial training data...
INFO:root:Selecting relevant features...
INFO:root:62 columns selected for Repay/Deposit
INFO:root:['cosDayOfQuarter', 'cosDayOfYear', 'cosQuarter', 'logAmount', 'logAmountUSD', 'marketBorrowAvgAmountUSD', 'marketBorrowSum', 'marketBorrowSumUSD', 'marketDepositAvgAmount', 'marketDepositAvgAmountUSD', 'marketDepositCount', 'marketDepositSum', 'marketDepositSumUSD', 'marketLiquidationAvgAmount', 'marketLiquidationAvgAmountUSD', 'marketLiquidationCount', 'marketLiquidationSum', 'marketLiquidationSumUSD', 'marketRepayAvgAmount', 'marketRepayAvgAmountUSD', 'marketRepayCount', 'marketRepaySum', 'marketRepaySumUSD', 'marketWithdrawAvgAmount', 'marketWithdrawAvgAmountUSD', 'marketWithdrawSum', 'marketWithdrawSumUSD', 'priceInUSD', 'sinDayOfQuarter', 'sinDayOfYear', 'sinQuarter', 'sinTimeOfDay', 'timeOfDay', 'userActiveDaysMonthly', 'userActiveDaysWeekly', 'userBorrowAvgAmount', 'userBorrowAvgAmountUSD', 'userBorrowCount', 'userBorrowSum', 'userBorrowSumUSD', 'userDepositAvgAmountUSD', 'userDepositCount', 'userDepositSum', 'userDepositSumUSD', 'userLiquidationAvgAmount', 'userLiquidationAvgAmountUSD', 'userLiquidationCount', 'userLiquidationSumUSD', 'userRepayAvgAmount', 'userRepayAvgAmountUSD', 'userRepayCount', 'userRepaySum', 'userRepaySumUSD', 'userSecondsSinceFirstTransaction', 'userSecondsSincePreviousTransaction', 'userWithdrawAvgAmount', 'userWithdrawAvgAmountUSD', 'userWithdrawCount', 'userWithdrawSum', 'userWithdrawSumUSD', 'timeDiff', 'status']
INFO:root:==================================================


INFO:root:==================================================
INFO:root:Processing and Predicting for: Repay -> Withdraw
INFO:root:==================================================
INFO:root:Training model on initial training data...
INFO:root:Selecting relevant features...
INFO:root:62 columns selected for Repay/Withdraw
INFO:root:['amountUSD', 'cosDayOfYear', 'cosQuarter', 'dayOfWeek', 'logAmount', 'logAmountUSD', 'marketBorrowAvgAmount', 'marketBorrowCount', 'marketBorrowSumUSD', 'marketDepositAvgAmount', 'marketDepositAvgAmountUSD', 'marketDepositCount', 'marketDepositSum', 'marketDepositSumUSD', 'marketLiquidationAvgAmount', 'marketLiquidationAvgAmountUSD', 'marketLiquidationCount', 'marketLiquidationSum', 'marketLiquidationSumUSD', 'marketRepayAvgAmount', 'marketRepayCount', 'marketRepaySumUSD', 'marketWithdrawAvgAmount', 'marketWithdrawAvgAmountUSD', 'marketWithdrawCount', 'marketWithdrawSum', 'marketWithdrawSumUSD', 'priceInUSD', 'sinDayOfQuarter', 'sinDayOfWeek', 'sinQuarter', 'sinTimeOfDay', 'timeOfDay', 'userActiveDaysMonthly', 'userActiveDaysWeekly', 'userActiveDaysYearly', 'userBorrowAvgAmount', 'userBorrowAvgAmountUSD', 'userBorrowCount', 'userBorrowSum', 'userBorrowSumUSD', 'userDepositAvgAmount', 'userDepositAvgAmountUSD', 'userDepositCount', 'userDepositSum', 'userDepositSumUSD', 'userLiquidationAvgAmount', 'userLiquidationAvgAmountUSD', 'userLiquidationCount', 'userLiquidationSumUSD', 'userRepayAvgAmountUSD', 'userRepayCount', 'userRepaySum', 'userRepaySumUSD', 'userSecondsSinceFirstTransaction', 'userSecondsSincePreviousTransaction', 'userWithdrawAvgAmount', 'userWithdrawAvgAmountUSD', 'userWithdrawSum', 'userWithdrawSumUSD', 'timeDiff', 'status']
INFO:root:==================================================


INFO:root:==================================================
INFO:root:Processing and Predicting for: Repay -> Liquidated
INFO:root:==================================================
INFO:root:Training model on initial training data...
INFO:root:Selecting relevant features...
INFO:root:36 columns selected for Repay/Liquidated
INFO:root:['amount', 'amountUSD', 'marketDepositAvgAmount', 'marketDepositAvgAmountUSD', 'marketDepositSum', 'marketDepositSumUSD', 'marketLiquidationSum', 'marketRepayCount', 'marketWithdrawCount', 'marketWithdrawSum', 'marketWithdrawSumUSD', 'priceInUSD', 'sinQuarter', 'userActiveDaysWeekly', 'userActiveDaysYearly', 'userBorrowAvgAmount', 'userBorrowAvgAmountUSD', 'userBorrowCount', 'userBorrowSum', 'userBorrowSumUSD', 'userDepositAvgAmount', 'userDepositAvgAmountUSD', 'userDepositCount', 'userLiquidationAvgAmount', 'userLiquidationAvgAmountUSD', 'userLiquidationCount', 'userRepayAvgAmount', 'userRepayAvgAmountUSD', 'userRepayCount', 'userRepaySum', 'userRepaySumUSD', 'userSecondsSinceFirstTransaction', 'userWithdrawAvgAmount', 'userWithdrawAvgAmountUSD', 'timeDiff', 'status']
INFO:root:==================================================


INFO:root:==================================================
INFO:root:Processing and Predicting for: Withdraw -> Borrow
INFO:root:==================================================
INFO:root:Training model on initial training data...
INFO:root:Selecting relevant features...
INFO:root:69 columns selected for Withdraw/Borrow
INFO:root:['amount', 'amountUSD', 'cosDayOfQuarter', 'cosDayOfYear', 'cosQuarter', 'cosTimeOfDay', 'dayOfYear', 'logAmount', 'logAmountUSD', 'marketBorrowAvgAmount', 'marketBorrowAvgAmountUSD', 'marketBorrowCount', 'marketBorrowSum', 'marketBorrowSumUSD', 'marketDepositAvgAmount', 'marketDepositAvgAmountUSD', 'marketDepositCount', 'marketDepositSum', 'marketDepositSumUSD', 'marketLiquidationAvgAmount', 'marketLiquidationAvgAmountUSD', 'marketLiquidationCount', 'marketLiquidationSum', 'marketLiquidationSumUSD', 'marketRepayAvgAmount', 'marketRepayAvgAmountUSD', 'marketRepayCount', 'marketRepaySum', 'marketRepaySumUSD', 'marketWithdrawAvgAmount', 'marketWithdrawAvgAmountUSD', 'marketWithdrawCount', 'marketWithdrawSum', 'marketWithdrawSumUSD', 'priceInUSD', 'quarter', 'sinDayOfQuarter', 'sinDayOfYear', 'sinQuarter', 'sinTimeOfDay', 'userActiveDaysWeekly', 'userActiveDaysYearly', 'userBorrowAvgAmount', 'userBorrowAvgAmountUSD', 'userBorrowCount', 'userBorrowSum', 'userBorrowSumUSD', 'userDepositAvgAmount', 'userDepositAvgAmountUSD', 'userDepositSum', 'userDepositSumUSD', 'userLiquidationAvgAmount', 'userLiquidationAvgAmountUSD', 'userLiquidationCount', 'userLiquidationSum', 'userLiquidationSumUSD', 'userRepayAvgAmount', 'userRepayAvgAmountUSD', 'userRepayCount', 'userRepaySum', 'userRepaySumUSD', 'userSecondsSinceFirstTransaction', 'userSecondsSincePreviousTransaction', 'userWithdrawAvgAmount', 'userWithdrawAvgAmountUSD', 'userWithdrawSum', 'userWithdrawSumUSD', 'timeDiff', 'status']
INFO:root:==================================================


INFO:root:==================================================
INFO:root:Processing and Predicting for: Withdraw -> Deposit
INFO:root:==================================================
INFO:root:Training model on initial training data...
INFO:root:Selecting relevant features...
INFO:root:72 columns selected for Withdraw/Deposit
INFO:root:['amount', 'amountUSD', 'cosDayOfMonth', 'cosDayOfQuarter', 'cosDayOfWeek', 'cosDayOfYear', 'cosQuarter', 'cosTimeOfDay', 'dayOfMonth', 'dayOfWeek', 'dayOfYear', 'logAmount', 'logAmountUSD', 'marketBorrowAvgAmount', 'marketBorrowAvgAmountUSD', 'marketBorrowCount', 'marketBorrowSum', 'marketBorrowSumUSD', 'marketDepositAvgAmount', 'marketDepositAvgAmountUSD', 'marketDepositSum', 'marketDepositSumUSD', 'marketLiquidationAvgAmountUSD', 'marketLiquidationCount', 'marketLiquidationSum', 'marketLiquidationSumUSD', 'marketRepayAvgAmount', 'marketRepayAvgAmountUSD', 'marketRepaySum', 'marketRepaySumUSD', 'marketWithdrawAvgAmountUSD', 'marketWithdrawCount', 'marketWithdrawSum', 'marketWithdrawSumUSD', 'priceInUSD', 'quarter', 'sinDayOfMonth', 'sinDayOfQuarter', 'sinDayOfYear', 'sinQuarter', 'sinTimeOfDay', 'timeOfDay', 'userActiveDaysMonthly', 'userActiveDaysWeekly', 'userActiveDaysYearly', 'userBorrowAvgAmount', 'userBorrowCount', 'userBorrowSum', 'userBorrowSumUSD', 'userDepositAvgAmount', 'userDepositAvgAmountUSD', 'userDepositCount', 'userDepositSum', 'userDepositSumUSD', 'userLiquidationAvgAmount', 'userLiquidationAvgAmountUSD', 'userLiquidationCount', 'userLiquidationSumUSD', 'userRepayAvgAmount', 'userRepayAvgAmountUSD', 'userRepayCount', 'userRepaySum', 'userRepaySumUSD', 'userSecondsSinceFirstTransaction', 'userSecondsSincePreviousTransaction', 'userWithdrawAvgAmount', 'userWithdrawAvgAmountUSD', 'userWithdrawCount', 'userWithdrawSum', 'userWithdrawSumUSD', 'timeDiff', 'status']
INFO:root:==================================================


INFO:root:==================================================
INFO:root:Processing and Predicting for: Withdraw -> Repay
INFO:root:==================================================
INFO:root:Training model on initial training data...
INFO:root:Selecting relevant features...
INFO:root:70 columns selected for Withdraw/Repay
INFO:root:['amount', 'amountUSD', 'cosDayOfQuarter', 'cosDayOfYear', 'cosTimeOfDay', 'dayOfQuarter', 'dayOfYear', 'logAmount', 'logAmountUSD', 'marketBorrowAvgAmount', 'marketBorrowAvgAmountUSD', 'marketBorrowCount', 'marketBorrowSum', 'marketBorrowSumUSD', 'marketDepositAvgAmount', 'marketDepositAvgAmountUSD', 'marketDepositCount', 'marketDepositSum', 'marketDepositSumUSD', 'marketLiquidationAvgAmount', 'marketLiquidationAvgAmountUSD', 'marketLiquidationCount', 'marketLiquidationSum', 'marketLiquidationSumUSD', 'marketRepayAvgAmount', 'marketRepayCount', 'marketRepaySum', 'marketRepaySumUSD', 'marketWithdrawAvgAmount', 'marketWithdrawAvgAmountUSD', 'marketWithdrawCount', 'marketWithdrawSum', 'marketWithdrawSumUSD', 'priceInUSD', 'quarter', 'sinDayOfQuarter', 'sinDayOfYear', 'sinQuarter', 'userActiveDaysMonthly', 'userActiveDaysWeekly', 'userActiveDaysYearly', 'userBorrowAvgAmount', 'userBorrowAvgAmountUSD', 'userBorrowCount', 'userBorrowSum', 'userBorrowSumUSD', 'userDepositAvgAmount', 'userDepositAvgAmountUSD', 'userDepositCount', 'userDepositSum', 'userDepositSumUSD', 'userLiquidationAvgAmount', 'userLiquidationAvgAmountUSD', 'userLiquidationCount', 'userLiquidationSum', 'userLiquidationSumUSD', 'userRepayAvgAmount', 'userRepayAvgAmountUSD', 'userRepayCount', 'userRepaySum', 'userRepaySumUSD', 'userSecondsSinceFirstTransaction', 'userSecondsSincePreviousTransaction', 'userWithdrawAvgAmount', 'userWithdrawAvgAmountUSD', 'userWithdrawCount', 'userWithdrawSum', 'userWithdrawSumUSD', 'timeDiff', 'status']
INFO:root:==================================================


INFO:root:==================================================
INFO:root:Processing and Predicting for: Withdraw -> Liquidated
INFO:root:==================================================
INFO:root:Training model on initial training data...
INFO:root:Selecting relevant features...
INFO:root:47 columns selected for Withdraw/Liquidated
INFO:root:['cosDayOfMonth', 'cosDayOfWeek', 'cosDayOfYear', 'cosQuarter', 'dayOfWeek', 'dayOfYear', 'logAmount', 'marketBorrowAvgAmount', 'marketBorrowAvgAmountUSD', 'marketBorrowCount', 'marketDepositAvgAmount', 'marketDepositAvgAmountUSD', 'marketDepositCount', 'marketLiquidationCount', 'marketRepayCount', 'marketWithdrawAvgAmountUSD', 'marketWithdrawCount', 'priceInUSD', 'quarter', 'sinDayOfYear', 'sinQuarter', 'userActiveDaysMonthly', 'userActiveDaysWeekly', 'userActiveDaysYearly', 'userBorrowAvgAmount', 'userBorrowAvgAmountUSD', 'userBorrowCount', 'userBorrowSum', 'userBorrowSumUSD', 'userDepositAvgAmount', 'userDepositAvgAmountUSD', 'userLiquidationAvgAmount', 'userLiquidationAvgAmountUSD', 'userLiquidationCount', 'userRepayAvgAmount', 'userRepayAvgAmountUSD', 'userRepayCount', 'userRepaySum', 'userRepaySumUSD', 'userSecondsSinceFirstTransaction', 'userWithdrawAvgAmount', 'userWithdrawAvgAmountUSD', 'userWithdrawCount', 'userWithdrawSum', 'userWithdrawSumUSD', 'timeDiff', 'status']
INFO:root:==================================================


INFO:root:

All new dataset have been generated.
