nohup: ignoring input

==================================================
Processing and Predicting for: Borrow -> Deposit
==================================================
Training model for feature selection...
  - Model trained successfully.
Generating predictions for Borrow/Deposit...
  -> Predictions saved to curs_0.05_800_boost_xgb/Borrow_Deposit.csv

==================================================
Processing and Predicting for: Borrow -> Repay
==================================================
Training model for feature selection...
  - Model trained successfully.
Generating predictions for Borrow/Repay...
  -> Predictions saved to curs_0.05_800_boost_xgb/Borrow_Repay.csv

==================================================
Processing and Predicting for: Borrow -> Withdraw
==================================================
Training model for feature selection...
  - Model trained successfully.
Generating predictions for Borrow/Withdraw...
  -> Predictions saved to curs_0.05_800_boost_xgb/Borrow_Withdraw.csv

==================================================
Processing and Predicting for: Borrow -> Liquidated
==================================================
Training model for feature selection...
  - Model trained successfully.
Generating predictions for Borrow/Liquidated...
  -> Predictions saved to curs_0.05_800_boost_xgb/Borrow_Liquidated.csv

==================================================
Processing and Predicting for: Deposit -> Borrow
==================================================
Training model for feature selection...
  - Model trained successfully.
Generating predictions for Deposit/Borrow...
  -> Predictions saved to curs_0.05_800_boost_xgb/Deposit_Borrow.csv

==================================================
Processing and Predicting for: Deposit -> Repay
==================================================
Training model for feature selection...
  - Model trained successfully.
Generating predictions for Deposit/Repay...
  -> Predictions saved to curs_0.05_800_boost_xgb/Deposit_Repay.csv

==================================================
Processing and Predicting for: Deposit -> Withdraw
==================================================
Training model for feature selection...
  - Model trained successfully.
Generating predictions for Deposit/Withdraw...
  -> Predictions saved to curs_0.05_800_boost_xgb/Deposit_Withdraw.csv

==================================================
Processing and Predicting for: Deposit -> Liquidated
==================================================
Training model for feature selection...
  - Model trained successfully.
Generating predictions for Deposit/Liquidated...
  -> Predictions saved to curs_0.05_800_boost_xgb/Deposit_Liquidated.csv

==================================================
Processing and Predicting for: Repay -> Borrow
==================================================
Training model for feature selection...
  - Model trained successfully.
Generating predictions for Repay/Borrow...
  -> Predictions saved to curs_0.05_800_boost_xgb/Repay_Borrow.csv

==================================================
Processing and Predicting for: Repay -> Deposit
==================================================
Training model for feature selection...
  - Model trained successfully.
Generating predictions for Repay/Deposit...
  -> Predictions saved to curs_0.05_800_boost_xgb/Repay_Deposit.csv

==================================================
Processing and Predicting for: Repay -> Withdraw
==================================================
Training model for feature selection...
  - Model trained successfully.
Generating predictions for Repay/Withdraw...
  -> Predictions saved to curs_0.05_800_boost_xgb/Repay_Withdraw.csv

==================================================
Processing and Predicting for: Repay -> Liquidated
==================================================
Training model for feature selection...
  - Model trained successfully.
Generating predictions for Repay/Liquidated...
  -> Predictions saved to curs_0.05_800_boost_xgb/Repay_Liquidated.csv

==================================================
Processing and Predicting for: Withdraw -> Borrow
==================================================
Training model for feature selection...
  - Model trained successfully.
Generating predictions for Withdraw/Borrow...
  -> Predictions saved to curs_0.05_800_boost_xgb/Withdraw_Borrow.csv

==================================================
Processing and Predicting for: Withdraw -> Deposit
==================================================
Training model for feature selection...
  - Model trained successfully.
Generating predictions for Withdraw/Deposit...
  -> Predictions saved to curs_0.05_800_boost_xgb/Withdraw_Deposit.csv

==================================================
Processing and Predicting for: Withdraw -> Repay
==================================================
Training model for feature selection...
  - Model trained successfully.
Generating predictions for Withdraw/Repay...
  -> Predictions saved to curs_0.05_800_boost_xgb/Withdraw_Repay.csv

==================================================
Processing and Predicting for: Withdraw -> Liquidated
==================================================
Training model for feature selection...
  - Model trained successfully.
Generating predictions for Withdraw/Liquidated...
  -> Predictions saved to curs_0.05_800_boost_xgb/Withdraw_Liquidated.csv


All prediction files have been generated.
Successfully created 'new_hp_0.05_800_boost_xgb.zip' from the 'curs_0.05_800_boost_xgb' directory.
You can now upload this file to the CodaBench competition.
